<?xml version="1.0" encoding="UTF-8"?>
<!-- Generated by org.testng.reporters.JUnitXMLReporter -->
<testsuite ignored="0" hostname="Nihitslaptop" failures="0" tests="3" name="AmazonTest" time="22.054" errors="0" timestamp="2024-08-24T17:07:59 IST">
  <testcase classname="UI_Test_Class.TC_Amazon_Verify_Account_List_HyperLinks" name="launchAmazon" time="3.417">
    <skipped/>
  </testcase> <!-- launchAmazon -->
  <testcase classname="UI_Test_Class.TC_Amazon_Verify_Account_List_HyperLinks" name="launchAmazon" time="2.525"/>
  <testcase classname="UI_Test_Class.TC_Amazon_Verify_Account_List_HyperLinks" name="validateListHyperlinks" time="13.961"/>
</testsuite> <!-- AmazonTest -->
