<?xml version="1.0" encoding="UTF-8"?>
<!-- Generated by org.testng.reporters.JUnitXMLReporter -->
<testsuite ignored="0" hostname="DESKTOP-O8RAVM4" failures="0" tests="2" name="Default test" time="24.239" errors="0" timestamp="2024-11-23T00:10:46 IST">
  <testcase classname="UI_Test_Class.TC_Amazon_Verify_Account_List_HyperLinks" name="launchAmazon" time="4.837"/>
  <testcase classname="UI_Test_Class.TC_Amazon_Verify_Account_List_HyperLinks" name="validateListHyperlinks" time="15.266"/>
</testsuite> <!-- Default test -->
