<?xml version="1.0" encoding="UTF-8"?>
<!-- Generated by org.testng.reporters.JUnitXMLReporter -->
<testsuite ignored="0" hostname="Nihitslaptop" failures="0" tests="4" name="UI_API_ParallelTest" time="20.331" errors="0" timestamp="2024-08-25T11:16:23 IST">
  <testcase classname="API_Test_Class.TestNG_Annotation_NestedJSON_POJO_GET_API_RestAssured_Example" name="validate_status_code" time="1.472"/>
  <testcase classname="API_Test_Class.TestNG_Annotation_NestedJSON_POJO_GET_API_RestAssured_Example" name="validate_response_body" time="0.298"/>
  <testcase classname="UI_Test_Class.TC_Amazon_Verify_Account_List_HyperLinks" name="launchAmazon" time="2.834"/>
  <testcase classname="UI_Test_Class.TC_Amazon_Verify_Account_List_HyperLinks" name="validateListHyperlinks" time="14.199"/>
</testsuite> <!-- UI_API_ParallelTest -->
