<?xml version="1.0" encoding="UTF-8"?>
<testng-results ignored="0" total="2" passed="2" failed="0" skipped="0">
  <reporter-output>
  </reporter-output>
  <suite started-at="2024-11-23T00:10:22 IST" name="Default suite" finished-at="2024-11-23T00:10:46 IST" duration-ms="24239">
    <groups>
    </groups>
    <test started-at="2024-11-23T00:10:22 IST" name="Default test" finished-at="2024-11-23T00:10:46 IST" duration-ms="24239">
      <class name="UI_Test_Class.TC_Amazon_Verify_Account_List_HyperLinks">
        <test-method is-config="true" signature="testSetUp()[pri:0, instance:UI_Test_Class.TC_Amazon_Verify_Account_List_HyperLinks@1224144a]" started-at="2024-11-23T00:10:22 IST" name="testSetUp" finished-at="2024-11-23T00:10:25 IST" duration-ms="3132" status="PASS">
          <reporter-output>
          </reporter-output>
        </test-method> <!-- testSetUp -->
        <test-method signature="launchAmazon()[pri:0, instance:UI_Test_Class.TC_Amazon_Verify_Account_List_HyperLinks@1224144a]" started-at="2024-11-23T00:10:25 IST" name="launchAmazon" description="Validate the URL Is Launched" finished-at="2024-11-23T00:10:30 IST" duration-ms="4837" status="PASS">
          <reporter-output>
          </reporter-output>
        </test-method> <!-- launchAmazon -->
        <test-method signature="validateListHyperlinks()[pri:0, instance:UI_Test_Class.TC_Amazon_Verify_Account_List_HyperLinks@1224144a]" started-at="2024-11-23T00:10:30 IST" name="validateListHyperlinks" description="Validate the Broken Links for Amazon Your Lists" finished-at="2024-11-23T00:10:45 IST" depends-on-methods="UI_Test_Class.TC_Amazon_Verify_Account_List_HyperLinks.launchAmazon" duration-ms="15266" status="PASS">
          <reporter-output>
          </reporter-output>
        </test-method> <!-- validateListHyperlinks -->
        <test-method is-config="true" signature="cleanup()[pri:0, instance:UI_Test_Class.TC_Amazon_Verify_Account_List_HyperLinks@1224144a]" started-at="2024-11-23T00:10:45 IST" name="cleanup" finished-at="2024-11-23T00:10:46 IST" duration-ms="886" status="PASS">
          <reporter-output>
          </reporter-output>
        </test-method> <!-- cleanup -->
      </class> <!-- UI_Test_Class.TC_Amazon_Verify_Account_List_HyperLinks -->
    </test> <!-- Default test -->
  </suite> <!-- Default suite -->
</testng-results>
