<?xml version="1.0" encoding="UTF-8"?>
<!-- Generated by org.testng.reporters.JUnitXMLReporter -->
<testsuite ignored="0" hostname="DESKTOP-O8RAVM4" failures="1" tests="1" name="AmazonTest" time="0.42" errors="0" timestamp="2024-11-23T00:02:42 IST">
  <testcase classname="Mobile_Test_Class.Mobile_Test_Class" name="openBrowser" time="0.411">
    <failure type="java.lang.NullPointerException" message="Cannot invoke &amp;quot;org.openqa.selenium.support.ui.WebDriverWait.until(java.util.function.Function)&amp;quot; because &amp;quot;Mobile_Common_Utility.mobile_Common_Utilities.wait&amp;quot; is null">
      <![CDATA[java.lang.NullPointerException: Cannot invoke "org.openqa.selenium.support.ui.WebDriverWait.until(java.util.function.Function)" because "Mobile_Common_Utility.mobile_Common_Utilities.wait" is null
at Mobile_Common_Utility.mobile_Common_Utilities.clickOnElement(mobile_Common_Utilities.java:95)
at Mobile_Test_Class.Mobile_Test_Class.openBrowser(Mobile_Test_Class.java:38)
at java.base/java.util.ArrayList.forEach(ArrayList.java:1596)
... Removed 29 stack frames]]>
    </failure>
  </testcase> <!-- openBrowser -->
</testsuite> <!-- AmazonTest -->
